<?xml version="1.0" encoding="UTF-8"?>
<testsuites name="TS Help" time="77.794" tests="2" failures="0" errors="0">
   <testsuite name="TS Help" tests="2" failures="0" errors="0" time="77.794" skipped="0" timestamp="2023-09-01 16:08:41" hostname="agfinaaliarahma - localhost" id="Test Suites/TS Solocommerce/TS Help">
      <properties>
         <property name="deviceName" value="emulator-5554 (Android SDK built for x86 - Android 7.0)"/>
         <property name="devicePlatform" value=""/>
         <property name="logFolder" value="/Users/agfinaaliarahma/git/katalon-web-agfina-girlsintech-mobile-assignment3/Reports/20230901_160837/TS Solocommerce/TS Help/20230901_160837"/>
         <property name="logFiles" value="/Users/agfinaaliarahma/git/katalon-web-agfina-girlsintech-mobile-assignment3/Reports/20230901_160837/TS Solocommerce/TS Help/20230901_160837/execution0.log, /Users/agfinaaliarahma/git/katalon-web-agfina-girlsintech-mobile-assignment3/Reports/20230901_160837/TS Solocommerce/TS Help/20230901_160837/appium.log"/>
         <property name="attachments" value=""/>
         <property name="hostName" value="agfinaaliarahma - localhost"/>
         <property name="os" value="Mac OS X 64bit"/>
         <property name="appiumServerStatus" value="{&quot;value&quot;:{&quot;build&quot;:{&quot;version&quot;:&quot;1.22.3&quot;}},&quot;sessionId&quot;:null,&quot;status&quot;:0}"/>
         <property name="katalonVersion" value="8.6.5.208"/>
         <property name="deviceOS" value="Android"/>
         <property name="appiumVersion" value="1.22.3"/>
         <property name="deviceModel" value="Android SDK built for x86"/>
         <property name="hostAddress" value="127.0.0.1"/>
         <property name="deviceManufacturer" value="Google"/>
         <property name="deviceId" value="emulator-5554"/>
         <property name="deviceName" value="emulator-5554 (Android SDK built for x86 - Android 7.0)"/>
         <property name="deviceOSVersion" value="7.0"/>
      </properties>
      <testcase name="Test Cases/Solodroid_E-CommerceApp Demo/TC Help/TC_help" time="45.13" classname="Test Cases/Solodroid_E-CommerceApp Demo/TC Help/TC_help" status="PASSED">
         <system-out><![CDATA[2023-09-01 16:08:41 - [TEST_CASE][PASSED] - Test Cases/Solodroid_E-CommerceApp Demo/TC Help/TC_help: Test Cases/Solodroid_E-CommerceApp Demo/TC Help/TC_help

2023-09-01 16:08:42 - [TEST_STEP][PASSED] - callTestCase(findTestCase("Solodroid_E-CommerceApp Demo/reusable-test/Launch AUT-from existing"), [:], STOP_ON_FAILURE): Call Test Case 'Test Cases/Solodroid_E-CommerceApp Demo/reusable-test/Launch AUT-from existing' successfully

2023-09-01 16:08:42 - [TEST_CASE][PASSED] - Test Cases/Solodroid_E-CommerceApp Demo/reusable-test/Launch AUT-from existing: Test Cases/Solodroid_E-CommerceApp Demo/reusable-test/Launch AUT-from existing

2023-09-01 16:08:42 - [TEST_STEP][PASSED] - startExistingApplication("com.solodroid.solomerce", STOP_ON_FAILURE): Starting app with application ID: 'com.solodroid.solomerce'

2023-09-01 16:08:47 - [MESSAGE][INFO] - Detected NodeJS location: "/usr/local/bin/node"

2023-09-01 16:08:49 - [MESSAGE][INFO] - Appium server started on port 53,899

2023-09-01 16:09:02 - [MESSAGE][PASSED] - Starting app with application ID: 'com.solodroid.solomerce'

2023-09-01 16:09:02 - [MESSAGE][PASSED] - Call Test Case 'Test Cases/Solodroid_E-CommerceApp Demo/reusable-test/Launch AUT-from existing' successfully

2023-09-01 16:09:02 - [TEST_STEP][PASSED] - tap(findTestObject("General/btn_help"), 0): Tapped on element 'Object Repository/General/btn_help'

2023-09-01 16:09:03 - [MESSAGE][WARNING] - Timeout '0' is invalid. Using default page load timeout: '30'

2023-09-01 16:09:07 - [MESSAGE][PASSED] - Tapped on element 'Object Repository/General/btn_help'

2023-09-01 16:09:07 - [TEST_STEP][PASSED] - waitForElementPresent(findTestObject("Help/title - Help"), 0): Element 'Object Repository/Help/title - Help' is present

2023-09-01 16:09:07 - [MESSAGE][WARNING] - Timeout '0' is invalid. Using default page load timeout: '30'

2023-09-01 16:09:08 - [MESSAGE][PASSED] - Element 'Object Repository/Help/title - Help' is present

2023-09-01 16:09:08 - [TEST_STEP][PASSED] - callTestCase(findTestCase("Solodroid_E-CommerceApp Demo/TC Help/reusable-test help/TC_verify element help"), [:], STOP_ON_FAILURE): Call Test Case 'Test Cases/Solodroid_E-CommerceApp Demo/TC Help/reusable-test help/TC_verify element help' successfully

2023-09-01 16:09:08 - [TEST_CASE][PASSED] - Test Cases/Solodroid_E-CommerceApp Demo/TC Help/reusable-test help/TC_verify element help: Test Cases/Solodroid_E-CommerceApp Demo/TC Help/reusable-test help/TC_verify element help

2023-09-01 16:09:08 - [TEST_STEP][PASSED] - verifyElementVisible(findTestObject("Help/title - Help"), 0): Element 'Object Repository/Help/title - Help' is visible

2023-09-01 16:09:08 - [MESSAGE][WARNING] - Timeout '0' is invalid. Using default page load timeout: '30'

2023-09-01 16:09:09 - [MESSAGE][PASSED] - Element 'Object Repository/Help/title - Help' is visible

2023-09-01 16:09:09 - [TEST_STEP][PASSED] - verifyElementVisible(findTestObject("General/btn_cart"), 0): Element 'Object Repository/General/btn_cart' is visible

2023-09-01 16:09:09 - [MESSAGE][WARNING] - Timeout '0' is invalid. Using default page load timeout: '30'

2023-09-01 16:09:09 - [MESSAGE][PASSED] - Element 'Object Repository/General/btn_cart' is visible

2023-09-01 16:09:09 - [TEST_STEP][PASSED] - verifyElementVisible(findTestObject("General/btn_search"), 0): Element 'Object Repository/General/btn_search' is visible

2023-09-01 16:09:09 - [MESSAGE][WARNING] - Timeout '0' is invalid. Using default page load timeout: '30'

2023-09-01 16:09:09 - [MESSAGE][PASSED] - Element 'Object Repository/General/btn_search' is visible

2023-09-01 16:09:09 - [TEST_STEP][PASSED] - verifyElementVisible(findTestObject("Help/btn_how to order"), 0): Element 'Object Repository/Help/btn_how to order' is visible

2023-09-01 16:09:09 - [MESSAGE][WARNING] - Timeout '0' is invalid. Using default page load timeout: '30'

2023-09-01 16:09:09 - [MESSAGE][PASSED] - Element 'Object Repository/Help/btn_how to order' is visible

2023-09-01 16:09:09 - [TEST_STEP][PASSED] - verifyElementVisible(findTestObject("Help/btn_payment"), 0): Element 'Object Repository/Help/btn_payment' is visible

2023-09-01 16:09:09 - [MESSAGE][WARNING] - Timeout '0' is invalid. Using default page load timeout: '30'

2023-09-01 16:09:10 - [MESSAGE][PASSED] - Element 'Object Repository/Help/btn_payment' is visible

2023-09-01 16:09:10 - [TEST_STEP][PASSED] - verifyElementVisible(findTestObject("Help/btn_shipping"), 0): Element 'Object Repository/Help/btn_shipping' is visible

2023-09-01 16:09:10 - [MESSAGE][WARNING] - Timeout '0' is invalid. Using default page load timeout: '30'

2023-09-01 16:09:10 - [MESSAGE][PASSED] - Element 'Object Repository/Help/btn_shipping' is visible

2023-09-01 16:09:10 - [TEST_STEP][PASSED] - verifyElementVisible(findTestObject("Help/btn_profile"), 0): Element 'Object Repository/Help/btn_profile' is visible

2023-09-01 16:09:10 - [MESSAGE][WARNING] - Timeout '0' is invalid. Using default page load timeout: '30'

2023-09-01 16:09:10 - [MESSAGE][PASSED] - Element 'Object Repository/Help/btn_profile' is visible

2023-09-01 16:09:10 - [TEST_STEP][PASSED] - verifyElementVisible(findTestObject("Help/btn_contact us"), 0): Element 'Object Repository/Help/btn_contact us' is visible

2023-09-01 16:09:10 - [MESSAGE][WARNING] - Timeout '0' is invalid. Using default page load timeout: '30'

2023-09-01 16:09:10 - [MESSAGE][PASSED] - Element 'Object Repository/Help/btn_contact us' is visible

2023-09-01 16:09:10 - [TEST_STEP][PASSED] - verifyElementVisible(findTestObject("General/btn_help"), 0): Element 'Object Repository/General/btn_help' is visible

2023-09-01 16:09:10 - [MESSAGE][WARNING] - Timeout '0' is invalid. Using default page load timeout: '30'

2023-09-01 16:09:10 - [MESSAGE][PASSED] - Element 'Object Repository/General/btn_help' is visible

2023-09-01 16:09:10 - [TEST_STEP][PASSED] - verifyElementVisible(findTestObject("General/btn_profile"), 0): Element 'Object Repository/General/btn_profile' is visible

2023-09-01 16:09:11 - [MESSAGE][WARNING] - Timeout '0' is invalid. Using default page load timeout: '30'

2023-09-01 16:09:11 - [MESSAGE][PASSED] - Element 'Object Repository/General/btn_profile' is visible

2023-09-01 16:09:11 - [TEST_STEP][PASSED] - verifyElementVisible(findTestObject("General/btn_recent"), 0): Element 'Object Repository/General/btn_recent' is visible

2023-09-01 16:09:11 - [MESSAGE][WARNING] - Timeout '0' is invalid. Using default page load timeout: '30'

2023-09-01 16:09:11 - [MESSAGE][PASSED] - Element 'Object Repository/General/btn_recent' is visible

2023-09-01 16:09:11 - [TEST_STEP][PASSED] - verifyElementVisible(findTestObject("General/btn_category"), 0): Element 'Object Repository/General/btn_category' is visible

2023-09-01 16:09:11 - [MESSAGE][WARNING] - Timeout '0' is invalid. Using default page load timeout: '30'

2023-09-01 16:09:11 - [MESSAGE][PASSED] - Element 'Object Repository/General/btn_category' is visible

2023-09-01 16:09:11 - [MESSAGE][PASSED] - Call Test Case 'Test Cases/Solodroid_E-CommerceApp Demo/TC Help/reusable-test help/TC_verify element help' successfully

2023-09-01 16:09:11 - [TEST_STEP][PASSED] - waitForElementPresent(findTestObject("Help/title - Help"), 0): Element 'Object Repository/Help/title - Help' is present

2023-09-01 16:09:11 - [MESSAGE][WARNING] - Timeout '0' is invalid. Using default page load timeout: '30'

2023-09-01 16:09:11 - [MESSAGE][PASSED] - Element 'Object Repository/Help/title - Help' is present

2023-09-01 16:09:11 - [TEST_STEP][PASSED] - tap(findTestObject("Help/btn_how to order"), 0): Tapped on element 'Object Repository/Help/btn_how to order'

2023-09-01 16:09:11 - [MESSAGE][WARNING] - Timeout '0' is invalid. Using default page load timeout: '30'

2023-09-01 16:09:12 - [MESSAGE][PASSED] - Tapped on element 'Object Repository/Help/btn_how to order'

2023-09-01 16:09:12 - [TEST_STEP][PASSED] - waitForElementPresent(findTestObject("Help/How to Order/title - How to order"), 0): Element 'Object Repository/Help/How to Order/title - How to order' is present

2023-09-01 16:09:12 - [MESSAGE][WARNING] - Timeout '0' is invalid. Using default page load timeout: '30'

2023-09-01 16:09:14 - [MESSAGE][PASSED] - Element 'Object Repository/Help/How to Order/title - How to order' is present

2023-09-01 16:09:14 - [TEST_STEP][PASSED] - verifyElementVisible(findTestObject("Help/How to Order/title - How to order"), 0): Element 'Object Repository/Help/How to Order/title - How to order' is visible

2023-09-01 16:09:14 - [MESSAGE][WARNING] - Timeout '0' is invalid. Using default page load timeout: '30'

2023-09-01 16:09:14 - [MESSAGE][PASSED] - Element 'Object Repository/Help/How to Order/title - How to order' is visible

2023-09-01 16:09:14 - [TEST_STEP][PASSED] - verifyElementVisible(findTestObject("Help/How to Order/text_headline"), 0): Element 'Object Repository/Help/How to Order/text_headline' is visible

2023-09-01 16:09:14 - [MESSAGE][WARNING] - Timeout '0' is invalid. Using default page load timeout: '30'

2023-09-01 16:09:14 - [MESSAGE][PASSED] - Element 'Object Repository/Help/How to Order/text_headline' is visible

2023-09-01 16:09:14 - [TEST_STEP][PASSED] - verifyElementVisible(findTestObject("Help/How to Order/text_body"), 0): Element 'Object Repository/Help/How to Order/text_body' is visible

2023-09-01 16:09:14 - [MESSAGE][WARNING] - Timeout '0' is invalid. Using default page load timeout: '30'

2023-09-01 16:09:14 - [MESSAGE][PASSED] - Element 'Object Repository/Help/How to Order/text_body' is visible

2023-09-01 16:09:14 - [TEST_STEP][PASSED] - pressBack(): Press back button successfully

2023-09-01 16:09:15 - [MESSAGE][PASSED] - Press back button successfully

2023-09-01 16:09:15 - [TEST_STEP][PASSED] - waitForElementPresent(findTestObject("Help/title - Help"), 0): Element 'Object Repository/Help/title - Help' is present

2023-09-01 16:09:15 - [MESSAGE][WARNING] - Timeout '0' is invalid. Using default page load timeout: '30'

2023-09-01 16:09:15 - [MESSAGE][PASSED] - Element 'Object Repository/Help/title - Help' is present

2023-09-01 16:09:15 - [TEST_STEP][PASSED] - tap(findTestObject("Help/btn_payment"), 0): Tapped on element 'Object Repository/Help/btn_payment'

2023-09-01 16:09:15 - [MESSAGE][WARNING] - Timeout '0' is invalid. Using default page load timeout: '30'

2023-09-01 16:09:15 - [MESSAGE][PASSED] - Tapped on element 'Object Repository/Help/btn_payment'

2023-09-01 16:09:15 - [TEST_STEP][PASSED] - waitForElementPresent(findTestObject("Help/Payment/title - Payment"), 0): Element 'Object Repository/Help/Payment/title - Payment' is present

2023-09-01 16:09:15 - [MESSAGE][WARNING] - Timeout '0' is invalid. Using default page load timeout: '30'

2023-09-01 16:09:17 - [MESSAGE][PASSED] - Element 'Object Repository/Help/Payment/title - Payment' is present

2023-09-01 16:09:17 - [TEST_STEP][PASSED] - verifyElementVisible(findTestObject("Help/Payment/title - Payment"), 0): Element 'Object Repository/Help/Payment/title - Payment' is visible

2023-09-01 16:09:17 - [MESSAGE][WARNING] - Timeout '0' is invalid. Using default page load timeout: '30'

2023-09-01 16:09:18 - [MESSAGE][PASSED] - Element 'Object Repository/Help/Payment/title - Payment' is visible

2023-09-01 16:09:18 - [TEST_STEP][PASSED] - verifyElementVisible(findTestObject("Help/Payment/text_body"), 0): Element 'Object Repository/Help/Payment/text_body' is visible

2023-09-01 16:09:18 - [MESSAGE][WARNING] - Timeout '0' is invalid. Using default page load timeout: '30'

2023-09-01 16:09:18 - [MESSAGE][PASSED] - Element 'Object Repository/Help/Payment/text_body' is visible

2023-09-01 16:09:18 - [TEST_STEP][PASSED] - pressBack(): Press back button successfully

2023-09-01 16:09:18 - [MESSAGE][PASSED] - Press back button successfully

2023-09-01 16:09:18 - [TEST_STEP][PASSED] - tap(findTestObject("Help/btn_shipping"), 0): Tapped on element 'Object Repository/Help/btn_shipping'

2023-09-01 16:09:18 - [MESSAGE][WARNING] - Timeout '0' is invalid. Using default page load timeout: '30'

2023-09-01 16:09:19 - [MESSAGE][PASSED] - Tapped on element 'Object Repository/Help/btn_shipping'

2023-09-01 16:09:19 - [TEST_STEP][PASSED] - pressBack(): Press back button successfully

2023-09-01 16:09:20 - [MESSAGE][PASSED] - Press back button successfully

2023-09-01 16:09:20 - [TEST_STEP][PASSED] - tap(findTestObject("General/btn_profile"), 0): Tapped on element 'Object Repository/General/btn_profile'

2023-09-01 16:09:20 - [MESSAGE][WARNING] - Timeout '0' is invalid. Using default page load timeout: '30'

2023-09-01 16:09:21 - [MESSAGE][PASSED] - Tapped on element 'Object Repository/General/btn_profile'

2023-09-01 16:09:21 - [TEST_STEP][PASSED] - pressBack(): Press back button successfully

2023-09-01 16:09:22 - [MESSAGE][PASSED] - Press back button successfully

2023-09-01 16:09:22 - [TEST_STEP][PASSED] - tap(findTestObject("Help/btn_contact us"), 0): Tapped on element 'Object Repository/Help/btn_contact us'

2023-09-01 16:09:22 - [MESSAGE][WARNING] - Timeout '0' is invalid. Using default page load timeout: '30'

2023-09-01 16:09:23 - [MESSAGE][PASSED] - Tapped on element 'Object Repository/Help/btn_contact us'

2023-09-01 16:09:23 - [TEST_STEP][PASSED] - pressBack(): Press back button successfully

2023-09-01 16:09:25 - [MESSAGE][PASSED] - Press back button successfully

2023-09-01 16:09:25 - [TEST_STEP][PASSED] - callTestCase(findTestCase("Solodroid_E-CommerceApp Demo/reusable-test/Close App"), [:], STOP_ON_FAILURE): Call Test Case 'Test Cases/Solodroid_E-CommerceApp Demo/reusable-test/Close App' successfully

2023-09-01 16:09:25 - [TEST_CASE][PASSED] - Test Cases/Solodroid_E-CommerceApp Demo/reusable-test/Close App: Test Cases/Solodroid_E-CommerceApp Demo/reusable-test/Close App

2023-09-01 16:09:25 - [TEST_STEP][PASSED] - closeApplication(): Close app successfully

2023-09-01 16:09:26 - [MESSAGE][PASSED] - Close app successfully

2023-09-01 16:09:26 - [MESSAGE][PASSED] - Call Test Case 'Test Cases/Solodroid_E-CommerceApp Demo/reusable-test/Close App' successfully]]></system-out>
         <system-err><![CDATA[]]></system-err>
      </testcase>
      <testcase name="Test Cases/Solodroid_E-CommerceApp Demo/TC Help/TC_help search" time="32.303" classname="Test Cases/Solodroid_E-CommerceApp Demo/TC Help/TC_help search" status="PASSED">
         <system-out><![CDATA[2023-09-01 16:09:26 - [TEST_CASE][PASSED] - Test Cases/Solodroid_E-CommerceApp Demo/TC Help/TC_help search: Test Cases/Solodroid_E-CommerceApp Demo/TC Help/TC_help search

2023-09-01 16:09:27 - [TEST_STEP][PASSED] - callTestCase(findTestCase("Solodroid_E-CommerceApp Demo/reusable-test/Launch AUT-from existing"), [:], STOP_ON_FAILURE): Call Test Case 'Test Cases/Solodroid_E-CommerceApp Demo/reusable-test/Launch AUT-from existing' successfully

2023-09-01 16:09:27 - [TEST_CASE][PASSED] - Test Cases/Solodroid_E-CommerceApp Demo/reusable-test/Launch AUT-from existing: Test Cases/Solodroid_E-CommerceApp Demo/reusable-test/Launch AUT-from existing

2023-09-01 16:09:27 - [TEST_STEP][PASSED] - startExistingApplication("com.solodroid.solomerce", STOP_ON_FAILURE): Starting app with application ID: 'com.solodroid.solomerce'

2023-09-01 16:09:31 - [MESSAGE][INFO] - Detected NodeJS location: "/usr/local/bin/node"

2023-09-01 16:09:33 - [MESSAGE][INFO] - Appium server started on port 54,040

2023-09-01 16:09:44 - [MESSAGE][PASSED] - Starting app with application ID: 'com.solodroid.solomerce'

2023-09-01 16:09:44 - [MESSAGE][PASSED] - Call Test Case 'Test Cases/Solodroid_E-CommerceApp Demo/reusable-test/Launch AUT-from existing' successfully

2023-09-01 16:09:44 - [TEST_STEP][PASSED] - tap(findTestObject("General/btn_help"), 0): Tapped on element 'Object Repository/General/btn_help'

2023-09-01 16:09:44 - [MESSAGE][WARNING] - Timeout '0' is invalid. Using default page load timeout: '30'

2023-09-01 16:09:45 - [MESSAGE][PASSED] - Tapped on element 'Object Repository/General/btn_help'

2023-09-01 16:09:45 - [TEST_STEP][PASSED] - waitForElementPresent(findTestObject("Help/title - Help"), 0): Element 'Object Repository/Help/title - Help' is present

2023-09-01 16:09:45 - [MESSAGE][WARNING] - Timeout '0' is invalid. Using default page load timeout: '30'

2023-09-01 16:09:46 - [MESSAGE][PASSED] - Element 'Object Repository/Help/title - Help' is present

2023-09-01 16:09:46 - [TEST_STEP][PASSED] - callTestCase(findTestCase("Solodroid_E-CommerceApp Demo/TC Help/reusable-test help/TC_verify element help"), [:], STOP_ON_FAILURE): Call Test Case 'Test Cases/Solodroid_E-CommerceApp Demo/TC Help/reusable-test help/TC_verify element help' successfully

2023-09-01 16:09:46 - [TEST_CASE][PASSED] - Test Cases/Solodroid_E-CommerceApp Demo/TC Help/reusable-test help/TC_verify element help: Test Cases/Solodroid_E-CommerceApp Demo/TC Help/reusable-test help/TC_verify element help

2023-09-01 16:09:46 - [TEST_STEP][PASSED] - verifyElementVisible(findTestObject("Help/title - Help"), 0): Element 'Object Repository/Help/title - Help' is visible

2023-09-01 16:09:46 - [MESSAGE][WARNING] - Timeout '0' is invalid. Using default page load timeout: '30'

2023-09-01 16:09:47 - [MESSAGE][PASSED] - Element 'Object Repository/Help/title - Help' is visible

2023-09-01 16:09:47 - [TEST_STEP][PASSED] - verifyElementVisible(findTestObject("General/btn_cart"), 0): Element 'Object Repository/General/btn_cart' is visible

2023-09-01 16:09:47 - [MESSAGE][WARNING] - Timeout '0' is invalid. Using default page load timeout: '30'

2023-09-01 16:09:47 - [MESSAGE][PASSED] - Element 'Object Repository/General/btn_cart' is visible

2023-09-01 16:09:47 - [TEST_STEP][PASSED] - verifyElementVisible(findTestObject("General/btn_search"), 0): Element 'Object Repository/General/btn_search' is visible

2023-09-01 16:09:47 - [MESSAGE][WARNING] - Timeout '0' is invalid. Using default page load timeout: '30'

2023-09-01 16:09:47 - [MESSAGE][PASSED] - Element 'Object Repository/General/btn_search' is visible

2023-09-01 16:09:47 - [TEST_STEP][PASSED] - verifyElementVisible(findTestObject("Help/btn_how to order"), 0): Element 'Object Repository/Help/btn_how to order' is visible

2023-09-01 16:09:47 - [MESSAGE][WARNING] - Timeout '0' is invalid. Using default page load timeout: '30'

2023-09-01 16:09:47 - [MESSAGE][PASSED] - Element 'Object Repository/Help/btn_how to order' is visible

2023-09-01 16:09:47 - [TEST_STEP][PASSED] - verifyElementVisible(findTestObject("Help/btn_payment"), 0): Element 'Object Repository/Help/btn_payment' is visible

2023-09-01 16:09:47 - [MESSAGE][WARNING] - Timeout '0' is invalid. Using default page load timeout: '30'

2023-09-01 16:09:48 - [MESSAGE][PASSED] - Element 'Object Repository/Help/btn_payment' is visible

2023-09-01 16:09:48 - [TEST_STEP][PASSED] - verifyElementVisible(findTestObject("Help/btn_shipping"), 0): Element 'Object Repository/Help/btn_shipping' is visible

2023-09-01 16:09:48 - [MESSAGE][WARNING] - Timeout '0' is invalid. Using default page load timeout: '30'

2023-09-01 16:09:48 - [MESSAGE][PASSED] - Element 'Object Repository/Help/btn_shipping' is visible

2023-09-01 16:09:48 - [TEST_STEP][PASSED] - verifyElementVisible(findTestObject("Help/btn_profile"), 0): Element 'Object Repository/Help/btn_profile' is visible

2023-09-01 16:09:48 - [MESSAGE][WARNING] - Timeout '0' is invalid. Using default page load timeout: '30'

2023-09-01 16:09:48 - [MESSAGE][PASSED] - Element 'Object Repository/Help/btn_profile' is visible

2023-09-01 16:09:48 - [TEST_STEP][PASSED] - verifyElementVisible(findTestObject("Help/btn_contact us"), 0): Element 'Object Repository/Help/btn_contact us' is visible

2023-09-01 16:09:48 - [MESSAGE][WARNING] - Timeout '0' is invalid. Using default page load timeout: '30'

2023-09-01 16:09:48 - [MESSAGE][PASSED] - Element 'Object Repository/Help/btn_contact us' is visible

2023-09-01 16:09:48 - [TEST_STEP][PASSED] - verifyElementVisible(findTestObject("General/btn_help"), 0): Element 'Object Repository/General/btn_help' is visible

2023-09-01 16:09:48 - [MESSAGE][WARNING] - Timeout '0' is invalid. Using default page load timeout: '30'

2023-09-01 16:09:48 - [MESSAGE][PASSED] - Element 'Object Repository/General/btn_help' is visible

2023-09-01 16:09:48 - [TEST_STEP][PASSED] - verifyElementVisible(findTestObject("General/btn_profile"), 0): Element 'Object Repository/General/btn_profile' is visible

2023-09-01 16:09:48 - [MESSAGE][WARNING] - Timeout '0' is invalid. Using default page load timeout: '30'

2023-09-01 16:09:49 - [MESSAGE][PASSED] - Element 'Object Repository/General/btn_profile' is visible

2023-09-01 16:09:49 - [TEST_STEP][PASSED] - verifyElementVisible(findTestObject("General/btn_recent"), 0): Element 'Object Repository/General/btn_recent' is visible

2023-09-01 16:09:49 - [MESSAGE][WARNING] - Timeout '0' is invalid. Using default page load timeout: '30'

2023-09-01 16:09:49 - [MESSAGE][PASSED] - Element 'Object Repository/General/btn_recent' is visible

2023-09-01 16:09:49 - [TEST_STEP][PASSED] - verifyElementVisible(findTestObject("General/btn_category"), 0): Element 'Object Repository/General/btn_category' is visible

2023-09-01 16:09:49 - [MESSAGE][WARNING] - Timeout '0' is invalid. Using default page load timeout: '30'

2023-09-01 16:09:49 - [MESSAGE][PASSED] - Element 'Object Repository/General/btn_category' is visible

2023-09-01 16:09:49 - [MESSAGE][PASSED] - Call Test Case 'Test Cases/Solodroid_E-CommerceApp Demo/TC Help/reusable-test help/TC_verify element help' successfully

2023-09-01 16:09:49 - [TEST_STEP][PASSED] - waitForElementPresent(findTestObject("Help/title - Help"), 0): Element 'Object Repository/Help/title - Help' is present

2023-09-01 16:09:49 - [MESSAGE][WARNING] - Timeout '0' is invalid. Using default page load timeout: '30'

2023-09-01 16:09:49 - [MESSAGE][PASSED] - Element 'Object Repository/Help/title - Help' is present

2023-09-01 16:09:49 - [TEST_STEP][PASSED] - tap(findTestObject("General/btn_search"), 0): Tapped on element 'Object Repository/General/btn_search'

2023-09-01 16:09:49 - [MESSAGE][WARNING] - Timeout '0' is invalid. Using default page load timeout: '30'

2023-09-01 16:09:50 - [MESSAGE][PASSED] - Tapped on element 'Object Repository/General/btn_search'

2023-09-01 16:09:50 - [TEST_STEP][PASSED] - setText(findTestObject("Help/EditText - Search"), searchvar, 0): Text 'Pay' has been set to element 'Object Repository/Help/EditText - Search'

2023-09-01 16:09:50 - [MESSAGE][WARNING] - Timeout '0' is invalid. Using default page load timeout: '30'

2023-09-01 16:09:52 - [MESSAGE][PASSED] - Text 'Pay' has been set to element 'Object Repository/Help/EditText - Search'

2023-09-01 16:09:52 - [TEST_STEP][PASSED] - tap(findTestObject("Help/btn_delete"), 0): Tapped on element 'Object Repository/Help/btn_delete'

2023-09-01 16:09:52 - [MESSAGE][WARNING] - Timeout '0' is invalid. Using default page load timeout: '30'

2023-09-01 16:09:53 - [MESSAGE][PASSED] - Tapped on element 'Object Repository/Help/btn_delete'

2023-09-01 16:09:53 - [TEST_STEP][PASSED] - setText(findTestObject("Help/EditText - Search"), searchvar, 0): Text 'Pay' has been set to element 'Object Repository/Help/EditText - Search'

2023-09-01 16:09:53 - [MESSAGE][WARNING] - Timeout '0' is invalid. Using default page load timeout: '30'

2023-09-01 16:09:55 - [MESSAGE][PASSED] - Text 'Pay' has been set to element 'Object Repository/Help/EditText - Search'

2023-09-01 16:09:55 - [TEST_STEP][PASSED] - tap(findTestObject("Help/btn_list"), 0): Tapped on element 'Object Repository/Help/btn_list'

2023-09-01 16:09:55 - [MESSAGE][WARNING] - Timeout '0' is invalid. Using default page load timeout: '30'

2023-09-01 16:09:56 - [MESSAGE][PASSED] - Tapped on element 'Object Repository/Help/btn_list'

2023-09-01 16:09:56 - [TEST_STEP][PASSED] - waitForElementPresent(findTestObject("Help/Payment/title - Payment"), 0): Element 'Object Repository/Help/Payment/title - Payment' is present

2023-09-01 16:09:56 - [MESSAGE][WARNING] - Timeout '0' is invalid. Using default page load timeout: '30'

2023-09-01 16:09:58 - [MESSAGE][PASSED] - Element 'Object Repository/Help/Payment/title - Payment' is present

2023-09-01 16:09:58 - [TEST_STEP][PASSED] - pressBack(): Press back button successfully

2023-09-01 16:09:58 - [MESSAGE][PASSED] - Press back button successfully

2023-09-01 16:09:58 - [TEST_STEP][PASSED] - callTestCase(findTestCase("Solodroid_E-CommerceApp Demo/reusable-test/Close App"), [:], STOP_ON_FAILURE): Call Test Case 'Test Cases/Solodroid_E-CommerceApp Demo/reusable-test/Close App' successfully

2023-09-01 16:09:58 - [TEST_CASE][PASSED] - Test Cases/Solodroid_E-CommerceApp Demo/reusable-test/Close App: Test Cases/Solodroid_E-CommerceApp Demo/reusable-test/Close App

2023-09-01 16:09:58 - [TEST_STEP][PASSED] - closeApplication(): Close app successfully

2023-09-01 16:09:59 - [MESSAGE][PASSED] - Close app successfully

2023-09-01 16:09:59 - [MESSAGE][PASSED] - Call Test Case 'Test Cases/Solodroid_E-CommerceApp Demo/reusable-test/Close App' successfully]]></system-out>
         <system-err><![CDATA[]]></system-err>
      </testcase>
      <system-out><![CDATA[2023-09-01 16:08:41 - [TEST_SUITE][PASSED] - TS Help: Test Cases/Solodroid_E-CommerceApp Demo/TC Help/TC_help search]]></system-out>
      <system-err><![CDATA[]]></system-err>
   </testsuite>
</testsuites>
